Estimate Time: 45.

['./wf_tester.x', '1', '4194304', '0', '64', '64', '0', '100']
['./wf_tester.x', '1', '4194304', '0', '64', '64', '30', '70']
['./wf_tester.x', '1', '4194304', '0', '64', '64', '50', '50']
['./wf_tester.x', '1', '4194304', '0', '64', '64', '70', '30']
['./wf_tester.x', '1', '4194304', '0', '64', '64', '100', '0']
['./wf_tester.x', '1', '4194304', '2097152', '64', '64', '0', '100']
['./wf_tester.x', '1', '4194304', '2097152', '64', '64', '30', '70']
['./wf_tester.x', '1', '4194304', '2097152', '64', '64', '50', '50']
['./wf_tester.x', '1', '4194304', '2097152', '64', '64', '70', '30']
['./wf_tester.x', '1', '4194304', '2097152', '64', '64', '100', '0']
['./wf_tester.x', '1', '4194304', '4194304', '64', '64', '0', '100']
['./wf_tester.x', '1', '4194304', '4194304', '64', '64', '30', '70']
['./wf_tester.x', '1', '4194304', '4194304', '64', '64', '50', '50']
['./wf_tester.x', '1', '4194304', '4194304', '64', '64', '70', '30']
['./wf_tester.x', '1', '4194304', '4194304', '64', '64', '100', '0']
Estimate Time: 315.

['./wf_tester.x', '1', '4194304', '0', '64', '64', '0', '100']
['./mcas_tester.x', '1', '4194304', '0', '64', '64', '0', '100']
['./coarse_lock_tester.x', '1', '4194304', '0', '64', '64', '0', '100']
['./tsigas_tester.x', '1', '4194304', '0', '64', '64', '0', '100']
['./linux_buffer.x', '1', '4194304', '0', '64', '64', '0', '100']

None
<type 'exceptions.ValueError'>
['./atomics_tester.x', '1', '4194304', '0', '64', '64', '0', '100']
['./tbb_tester.x', '1', '4194304', '0', '64', '64', '0', '100']
['./wf_tester.x', '1', '4194304', '0', '64', '64', '30', '70']
['./mcas_tester.x', '1', '4194304', '0', '64', '64', '30', '70']
['./coarse_lock_tester.x', '1', '4194304', '0', '64', '64', '30', '70']
['./tsigas_tester.x', '1', '4194304', '0', '64', '64', '30', '70']
['./linux_buffer.x', '1', '4194304', '0', '64', '64', '30', '70']

None
<type 'exceptions.ValueError'>
['./atomics_tester.x', '1', '4194304', '0', '64', '64', '30', '70']
['./tbb_tester.x', '1', '4194304', '0', '64', '64', '30', '70']
['./wf_tester.x', '1', '4194304', '0', '64', '64', '50', '50']
['./mcas_tester.x', '1', '4194304', '0', '64', '64', '50', '50']
['./coarse_lock_tester.x', '1', '4194304', '0', '64', '64', '50', '50']
['./tsigas_tester.x', '1', '4194304', '0', '64', '64', '50', '50']
['./linux_buffer.x', '1', '4194304', '0', '64', '64', '50', '50']

None
<type 'exceptions.ValueError'>
['./atomics_tester.x', '1', '4194304', '0', '64', '64', '50', '50']
['./tbb_tester.x', '1', '4194304', '0', '64', '64', '50', '50']
['./wf_tester.x', '1', '4194304', '0', '64', '64', '70', '30']
['./mcas_tester.x', '1', '4194304', '0', '64', '64', '70', '30']
['./coarse_lock_tester.x', '1', '4194304', '0', '64', '64', '70', '30']
['./tsigas_tester.x', '1', '4194304', '0', '64', '64', '70', '30']
['./linux_buffer.x', '1', '4194304', '0', '64', '64', '70', '30']

None
<type 'exceptions.ValueError'>
['./atomics_tester.x', '1', '4194304', '0', '64', '64', '70', '30']
['./tbb_tester.x', '1', '4194304', '0', '64', '64', '70', '30']
['./wf_tester.x', '1', '4194304', '0', '64', '64', '100', '0']
['./mcas_tester.x', '1', '4194304', '0', '64', '64', '100', '0']
['./coarse_lock_tester.x', '1', '4194304', '0', '64', '64', '100', '0']
['./tsigas_tester.x', '1', '4194304', '0', '64', '64', '100', '0']
['./linux_buffer.x', '1', '4194304', '0', '64', '64', '100', '0']
['./atomics_tester.x', '1', '4194304', '0', '64', '64', '100', '0']
['./tbb_tester.x', '1', '4194304', '0', '64', '64', '100', '0']
['./wf_tester.x', '1', '4194304', '2097152', '64', '64', '0', '100']
['./mcas_tester.x', '1', '4194304', '2097152', '64', '64', '0', '100']
['./coarse_lock_tester.x', '1', '4194304', '2097152', '64', '64', '0', '100']
['./tsigas_tester.x', '1', '4194304', '2097152', '64', '64', '0', '100']
['./linux_buffer.x', '1', '4194304', '2097152', '64', '64', '0', '100']

None
<type 'exceptions.ValueError'>
['./atomics_tester.x', '1', '4194304', '2097152', '64', '64', '0', '100']
['./tbb_tester.x', '1', '4194304', '2097152', '64', '64', '0', '100']
['./wf_tester.x', '1', '4194304', '2097152', '64', '64', '30', '70']
['./mcas_tester.x', '1', '4194304', '2097152', '64', '64', '30', '70']
['./coarse_lock_tester.x', '1', '4194304', '2097152', '64', '64', '30', '70']
['./tsigas_tester.x', '1', '4194304', '2097152', '64', '64', '30', '70']
['./linux_buffer.x', '1', '4194304', '2097152', '64', '64', '30', '70']

None
<type 'exceptions.ValueError'>
['./atomics_tester.x', '1', '4194304', '2097152', '64', '64', '30', '70']
['./tbb_tester.x', '1', '4194304', '2097152', '64', '64', '30', '70']
['./wf_tester.x', '1', '4194304', '2097152', '64', '64', '50', '50']
['./mcas_tester.x', '1', '4194304', '2097152', '64', '64', '50', '50']
['./coarse_lock_tester.x', '1', '4194304', '2097152', '64', '64', '50', '50']
['./tsigas_tester.x', '1', '4194304', '2097152', '64', '64', '50', '50']
['./linux_buffer.x', '1', '4194304', '2097152', '64', '64', '50', '50']

None
<type 'exceptions.ValueError'>
['./atomics_tester.x', '1', '4194304', '2097152', '64', '64', '50', '50']
['./tbb_tester.x', '1', '4194304', '2097152', '64', '64', '50', '50']
['./wf_tester.x', '1', '4194304', '2097152', '64', '64', '70', '30']
['./mcas_tester.x', '1', '4194304', '2097152', '64', '64', '70', '30']
['./coarse_lock_tester.x', '1', '4194304', '2097152', '64', '64', '70', '30']
['./tsigas_tester.x', '1', '4194304', '2097152', '64', '64', '70', '30']
['./linux_buffer.x', '1', '4194304', '2097152', '64', '64', '70', '30']
20198,8675,20198,8675
None
<type 'exceptions.OSError'>
['./atomics_tester.x', '1', '4194304', '2097152', '64', '64', '70', '30']
['./tbb_tester.x', '1', '4194304', '2097152', '64', '64', '70', '30']
['./wf_tester.x', '1', '4194304', '2097152', '64', '64', '100', '0']
['./mcas_tester.x', '1', '4194304', '2097152', '64', '64', '100', '0']
['./coarse_lock_tester.x', '1', '4194304', '2097152', '64', '64', '100', '0']
['./tsigas_tester.x', '1', '4194304', '2097152', '64', '64', '100', '0']
['./linux_buffer.x', '1', '4194304', '2097152', '64', '64', '100', '0']
23863,0,23863,0
None
<type 'exceptions.OSError'>
['./atomics_tester.x', '1', '4194304', '2097152', '64', '64', '100', '0']
['./tbb_tester.x', '1', '4194304', '2097152', '64', '64', '100', '0']
['./wf_tester.x', '1', '4194304', '4194304', '64', '64', '0', '100']
['./mcas_tester.x', '1', '4194304', '4194304', '64', '64', '0', '100']
['./coarse_lock_tester.x', '1', '4194304', '4194304', '64', '64', '0', '100']
['./tsigas_tester.x', '1', '4194304', '4194304', '64', '64', '0', '100']
['./linux_buffer.x', '1', '4194304', '4194304', '64', '64', '0', '100']
0,23239,0,23239
None
<type 'exceptions.OSError'>
['./atomics_tester.x', '1', '4194304', '4194304', '64', '64', '0', '100']
['./tbb_tester.x', '1', '4194304', '4194304', '64', '64', '0', '100']
['./wf_tester.x', '1', '4194304', '4194304', '64', '64', '30', '70']
['./mcas_tester.x', '1', '4194304', '4194304', '64', '64', '30', '70']
['./coarse_lock_tester.x', '1', '4194304', '4194304', '64', '64', '30', '70']
['./tsigas_tester.x', '1', '4194304', '4194304', '64', '64', '30', '70']
['./linux_buffer.x', '1', '4194304', '4194304', '64', '64', '30', '70']
8491,19837,8491,19837
None
<type 'exceptions.OSError'>
['./atomics_tester.x', '1', '4194304', '4194304', '64', '64', '30', '70']
['./tbb_tester.x', '1', '4194304', '4194304', '64', '64', '30', '70']
['./wf_tester.x', '1', '4194304', '4194304', '64', '64', '50', '50']
['./mcas_tester.x', '1', '4194304', '4194304', '64', '64', '50', '50']
['./coarse_lock_tester.x', '1', '4194304', '4194304', '64', '64', '50', '50']
['./tsigas_tester.x', '1', '4194304', '4194304', '64', '64', '50', '50']
['./linux_buffer.x', '1', '4194304', '4194304', '64', '64', '50', '50']
13674,13630,13674,13630
None
<type 'exceptions.OSError'>
['./atomics_tester.x', '1', '4194304', '4194304', '64', '64', '50', '50']
['./tbb_tester.x', '1', '4194304', '4194304', '64', '64', '50', '50']
['./wf_tester.x', '1', '4194304', '4194304', '64', '64', '70', '30']
['./mcas_tester.x', '1', '4194304', '4194304', '64', '64', '70', '30']
['./coarse_lock_tester.x', '1', '4194304', '4194304', '64', '64', '70', '30']
['./tsigas_tester.x', '1', '4194304', '4194304', '64', '64', '70', '30']
['./linux_buffer.x', '1', '4194304', '4194304', '64', '64', '70', '30']
20713,8858,20713,8856
None
<type 'exceptions.OSError'>
['./atomics_tester.x', '1', '4194304', '4194304', '64', '64', '70', '30']
['./tbb_tester.x', '1', '4194304', '4194304', '64', '64', '70', '30']
['./wf_tester.x', '1', '4194304', '4194304', '64', '64', '100', '0']
['./mcas_tester.x', '1', '4194304', '4194304', '64', '64', '100', '0']
['./coarse_lock_tester.x', '1', '4194304', '4194304', '64', '64', '100', '0']
['./tsigas_tester.x', '1', '4194304', '4194304', '64', '64', '100', '0']
['./linux_buffer.x', '1', '4194304', '4194304', '64', '64', '100', '0']
87142,0,87142,0
None
<type 'exceptions.OSError'>
['./atomics_tester.x', '1', '4194304', '4194304', '64', '64', '100', '0']
['./tbb_tester.x', '1', '4194304', '4194304', '64', '64', '100', '0']
Estimate Time: 315.

['./wf_tester.x', '1', '4194304', '0', '64', '64', '0', '100']
Traceback (most recent call last):
  File "test_v2.py", line 92, in <module>
    print(out)
NameError: name 'out' is not defined
Estimate Time: 105.

['./wf_tester.x', '1', '4194304', '2097152', '64', '64', '0', '100']
['./mcas_tester.x', '1', '4194304', '2097152', '64', '64', '0', '100']
['./coarse_lock_tester.x', '1', '4194304', '2097152', '64', '64', '0', '100']
['./tsigas_tester.x', '1', '4194304', '2097152', '64', '64', '0', '100']
['./linux_buffer.x', '1', '4194304', '2097152', '64', '64', '0', '100']

None
<type 'exceptions.ValueError'>
['./atomics_tester.x', '1', '4194304', '2097152', '64', '64', '0', '100']
['./tbb_tester.x', '1', '4194304', '2097152', '64', '64', '0', '100']
['./wf_tester.x', '1', '4194304', '2097152', '64', '64', '30', '70']
['./mcas_tester.x', '1', '4194304', '2097152', '64', '64', '30', '70']
['./coarse_lock_tester.x', '1', '4194304', '2097152', '64', '64', '30', '70']
['./tsigas_tester.x', '1', '4194304', '2097152', '64', '64', '30', '70']
['./linux_buffer.x', '1', '4194304', '2097152', '64', '64', '30', '70']

None
<type 'exceptions.ValueError'>
['./atomics_tester.x', '1', '4194304', '2097152', '64', '64', '30', '70']
['./tbb_tester.x', '1', '4194304', '2097152', '64', '64', '30', '70']
['./wf_tester.x', '1', '4194304', '2097152', '64', '64', '50', '50']
['./mcas_tester.x', '1', '4194304', '2097152', '64', '64', '50', '50']
['./coarse_lock_tester.x', '1', '4194304', '2097152', '64', '64', '50', '50']
['./tsigas_tester.x', '1', '4194304', '2097152', '64', '64', '50', '50']
['./linux_buffer.x', '1', '4194304', '2097152', '64', '64', '50', '50']

None
<type 'exceptions.ValueError'>
['./atomics_tester.x', '1', '4194304', '2097152', '64', '64', '50', '50']

None
<type 'exceptions.OSError'>
['./tbb_tester.x', '1', '4194304', '2097152', '64', '64', '50', '50']

None
<type 'exceptions.OSError'>
['./wf_tester.x', '1', '4194304', '2097152', '64', '64', '70', '30']

None
<type 'exceptions.OSError'>
['./mcas_tester.x', '1', '4194304', '2097152', '64', '64', '70', '30']

None
<type 'exceptions.OSError'>
['./coarse_lock_tester.x', '1', '4194304', '2097152', '64', '64', '70', '30']

None
<type 'exceptions.OSError'>
['./tsigas_tester.x', '1', '4194304', '2097152', '64', '64', '70', '30']

None
<type 'exceptions.OSError'>
['./linux_buffer.x', '1', '4194304', '2097152', '64', '64', '70', '30']

None
<type 'exceptions.OSError'>
['./atomics_tester.x', '1', '4194304', '2097152', '64', '64', '70', '30']

None
<type 'exceptions.OSError'>
['./tbb_tester.x', '1', '4194304', '2097152', '64', '64', '70', '30']

None
<type 'exceptions.OSError'>
['./wf_tester.x', '1', '4194304', '2097152', '64', '64', '100', '0']

None
<type 'exceptions.OSError'>
['./mcas_tester.x', '1', '4194304', '2097152', '64', '64', '100', '0']

None
<type 'exceptions.OSError'>
['./coarse_lock_tester.x', '1', '4194304', '2097152', '64', '64', '100', '0']

None
<type 'exceptions.OSError'>
['./tsigas_tester.x', '1', '4194304', '2097152', '64', '64', '100', '0']

None
<type 'exceptions.OSError'>
['./linux_buffer.x', '1', '4194304', '2097152', '64', '64', '100', '0']

None
<type 'exceptions.OSError'>
['./atomics_tester.x', '1', '4194304', '2097152', '64', '64', '100', '0']

None
<type 'exceptions.OSError'>
['./tbb_tester.x', '1', '4194304', '2097152', '64', '64', '100', '0']

None
<type 'exceptions.OSError'>
Estimate Time: 45.

tbb_tester.x: tester_v2.cpp:124: void runThread(void*, dists*, Counter**): Assertion `false' failed.
tbb_tester.x: tester_v2.cpp:124: void runThread(void*, dists*, Counter**): Assertion `false' failed.
tbb_tester.x: tester_v2.cpp:124: void runThread(void*, dists*, Counter**): Assertion `false' failed.
tbb_tester.x: tester_v2.cpp:124: void runThread(void*, dists*, Counter**): Assertion `false' failed.
tbb_tester.x: tester_v2.cpp:124: void runThread(void*, dists*, Counter**): Assertion `false' failed.
tbb_tester.x: tester_v2.cpp:124: void runThread(void*, dists*, Counter**): Assertion `false' failed.
tbb_tester.x: tester_v2.cpp:124: void runThread(void*, dists*, Counter**): Assertion `false' failed.
['./tsigas_tester.x', '1', '4194304', '2097152', '64', '64', '0', '100']
0,25736,0,25736
None
<type 'exceptions.KeyboardInterrupt'>
['./tbb_tester.x', '1', '4194304', '2097152', '64', '64', '0', '100']
0,25736,0,25736
None
<type 'exceptions.KeyboardInterrupt'>
['./padded_wf_tester.x', '1', '4194304', '2097152', '64', '64', '0', '100']
['./tsigas_tester.x', '1', '4194304', '2097152', '64', '64', '30', '70']
['./tbb_tester.x', '1', '4194304', '2097152', '64', '64', '30', '70']
['./padded_wf_tester.x', '1', '4194304', '2097152', '64', '64', '30', '70']
['./tsigas_tester.x', '1', '4194304', '2097152', '64', '64', '50', '50']
['./tbb_tester.x', '1', '4194304', '2097152', '64', '64', '50', '50']
['./padded_wf_tester.x', '1', '4194304', '2097152', '64', '64', '50', '50']
['./tsigas_tester.x', '1', '4194304', '2097152', '64', '64', '70', '30']
['./tbb_tester.x', '1', '4194304', '2097152', '64', '64', '70', '30']
['./padded_wf_tester.x', '1', '4194304', '2097152', '64', '64', '70', '30']
['./tsigas_tester.x', '1', '4194304', '2097152', '64', '64', '100', '0']
['./tbb_tester.x', '1', '4194304', '2097152', '64', '64', '100', '0']
Error: op==101 
Error: op==101 
Error: op==101 
Error: op==101 
Error: op==101 
Error: op==101 
Error: op==101 
Error: op==101 
Error: op==101 
Error: op==101 
Error: op==101 
Error: op==101 
Error: op==101 
Error: op==101 
Error: op==101 

None
<type 'exceptions.ValueError'>
['./padded_wf_tester.x', '1', '4194304', '2097152', '64', '64', '100', '0']
Estimate Time: 81.

tsigas_tester.x: tester_v2.cpp:216: int main(int, char**): Assertion `i==nTotalThreads' failed.
tbb_tester.x: tester_v2.cpp:216: int main(int, char**): Assertion `i==nTotalThreads' failed.
padded_wf_tester.x: tester_v2.cpp:216: int main(int, char**): Assertion `i==nTotalThreads' failed.
tsigas_tester.x: tester_v2.cpp:216: int main(int, char**): Assertion `i==nTotalThreads' failed.
tbb_tester.x: tester_v2.cpp:216: int main(int, char**): Assertion `i==nTotalThreads' failed.
padded_wf_tester.x: tester_v2.cpp:216: int main(int, char**): Assertion `i==nTotalThreads' failed.
['./tsigas_tester.x', '1', '4194304', '2097152', '1', '64', '50', '50']
nTotalThreads is less than specified threads

None
<type 'exceptions.ValueError'>
['./tbb_tester.x', '1', '4194304', '2097152', '1', '64', '50', '50']
nTotalThreads is less than specified threads

None
<type 'exceptions.ValueError'>
['./padded_wf_tester.x', '1', '4194304', '2097152', '1', '64', '50', '50']
nTotalThreads is less than specified threads

None
<type 'exceptions.ValueError'>
['./tsigas_tester.x', '1', '4194304', '2097152', '2', '64', '50', '50']
nTotalThreads is less than specified threads

None
<type 'exceptions.ValueError'>
['./tbb_tester.x', '1', '4194304', '2097152', '2', '64', '50', '50']
nTotalThreads is less than specified threads

None
<type 'exceptions.ValueError'>
['./padded_wf_tester.x', '1', '4194304', '2097152', '2', '64', '50', '50']
nTotalThreads is less than specified threads

None
<type 'exceptions.ValueError'>
['./tsigas_tester.x', '1', '4194304', '2097152', '4', '64', '50', '50']
nTotalThreads is less than specified threads

None
<type 'exceptions.ValueError'>
['./tbb_tester.x', '1', '4194304', '2097152', '4', '64', '50', '50']
nTotalThreads is less than specified threads

None
<type 'exceptions.ValueError'>
['./padded_wf_tester.x', '1', '4194304', '2097152', '4', '64', '50', '50']
nTotalThreads is less than specified threads

None
<type 'exceptions.ValueError'>
['./tsigas_tester.x', '1', '4194304', '2097152', '8', '64', '50', '50']
nTotalThreads is less than specified threads

None
<type 'exceptions.ValueError'>
['./tbb_tester.x', '1', '4194304', '2097152', '8', '64', '50', '50']
nTotalThreads is less than specified threads

None
<type 'exceptions.ValueError'>
['./padded_wf_tester.x', '1', '4194304', '2097152', '8', '64', '50', '50']
nTotalThreads is less than specified threads

None
<type 'exceptions.ValueError'>
['./tsigas_tester.x', '1', '4194304', '2097152', '16', '64', '50', '50']
nTotalThreads is less than specified threads

None
<type 'exceptions.ValueError'>
['./tbb_tester.x', '1', '4194304', '2097152', '16', '64', '50', '50']
nTotalThreads is less than specified threads

None
<type 'exceptions.ValueError'>
['./padded_wf_tester.x', '1', '4194304', '2097152', '16', '64', '50', '50']
nTotalThreads is less than specified threads

None
<type 'exceptions.ValueError'>
['./tsigas_tester.x', '1', '4194304', '2097152', '32', '64', '50', '50']
nTotalThreads is less than specified threads

None
<type 'exceptions.ValueError'>
['./tbb_tester.x', '1', '4194304', '2097152', '32', '64', '50', '50']
nTotalThreads is less than specified threads

None
<type 'exceptions.ValueError'>
['./padded_wf_tester.x', '1', '4194304', '2097152', '32', '64', '50', '50']
nTotalThreads is less than specified threads

None
<type 'exceptions.ValueError'>
['./tsigas_tester.x', '1', '4194304', '2097152', '64', '64', '50', '50']
['./tbb_tester.x', '1', '4194304', '2097152', '64', '64', '50', '50']
['./padded_wf_tester.x', '1', '4194304', '2097152', '64', '64', '50', '50']
['./tsigas_tester.x', '1', '4194304', '2097152', '128', '64', '50', '50']

None
<type 'exceptions.ValueError'>
['./tbb_tester.x', '1', '4194304', '2097152', '128', '64', '50', '50']

None
<type 'exceptions.ValueError'>
['./padded_wf_tester.x', '1', '4194304', '2097152', '128', '64', '50', '50']

None
<type 'exceptions.ValueError'>
['./tsigas_tester.x', '1', '4194304', '2097152', '256', '64', '50', '50']

None
<type 'exceptions.ValueError'>
['./tbb_tester.x', '1', '4194304', '2097152', '256', '64', '50', '50']

None
<type 'exceptions.ValueError'>
['./padded_wf_tester.x', '1', '4194304', '2097152', '256', '64', '50', '50']

None
<type 'exceptions.ValueError'>
Estimate Time: 81.

['./tsigas_tester.x', '1', '4194304', '2097152', '1', '1', '50', '50']
['./tbb_tester.x', '1', '4194304', '2097152', '1', '1', '50', '50']
['./padded_wf_tester.x', '1', '4194304', '2097152', '1', '1', '50', '50']
['./tsigas_tester.x', '1', '4194304', '2097152', '2', '2', '50', '50']
['./tbb_tester.x', '1', '4194304', '2097152', '2', '2', '50', '50']
['./padded_wf_tester.x', '1', '4194304', '2097152', '2', '2', '50', '50']
['./tsigas_tester.x', '1', '4194304', '2097152', '4', '4', '50', '50']
['./tbb_tester.x', '1', '4194304', '2097152', '4', '4', '50', '50']
['./padded_wf_tester.x', '1', '4194304', '2097152', '4', '4', '50', '50']
['./tsigas_tester.x', '1', '4194304', '2097152', '8', '8', '50', '50']
['./tbb_tester.x', '1', '4194304', '2097152', '8', '8', '50', '50']
['./padded_wf_tester.x', '1', '4194304', '2097152', '8', '8', '50', '50']
['./tsigas_tester.x', '1', '4194304', '2097152', '16', '16', '50', '50']
['./tbb_tester.x', '1', '4194304', '2097152', '16', '16', '50', '50']
['./padded_wf_tester.x', '1', '4194304', '2097152', '16', '16', '50', '50']
['./tsigas_tester.x', '1', '4194304', '2097152', '32', '32', '50', '50']
['./tbb_tester.x', '1', '4194304', '2097152', '32', '32', '50', '50']
['./padded_wf_tester.x', '1', '4194304', '2097152', '32', '32', '50', '50']
['./tsigas_tester.x', '1', '4194304', '2097152', '64', '64', '50', '50']
['./tbb_tester.x', '1', '4194304', '2097152', '64', '64', '50', '50']
['./padded_wf_tester.x', '1', '4194304', '2097152', '64', '64', '50', '50']
['./tsigas_tester.x', '1', '4194304', '2097152', '128', '128', '50', '50']
['./tbb_tester.x', '1', '4194304', '2097152', '128', '128', '50', '50']
['./padded_wf_tester.x', '1', '4194304', '2097152', '128', '128', '50', '50']
['./tsigas_tester.x', '1', '4194304', '2097152', '256', '256', '50', '50']
['./tbb_tester.x', '1', '4194304', '2097152', '256', '256', '50', '50']
['./padded_wf_tester.x', '1', '4194304', '2097152', '256', '256', '50', '50']
Estimate Time: 1260

Threads	wf_tester.x	mcas_tester.x	coarse_lock_tester.x	tsigas_tester.x	linux_buffer.x	atomics_tester.x	tbb_tester.x
#Exe Time: 5, Capacity: 4194304,  Prefill: 2097152, Enqueue: 50, Dequeue: 50 
Exception was thrown['./linux_buffer.x', 5, 64, 4194304, 50, 50, 2097152]could not convert string to float: 
Exception was thrown['./tbb_tester.x', 5, 64, 4194304, 50, 50, 2097152]could not convert string to float: 
Exception was thrown['./linux_buffer.x', 5, 96, 4194304, 50, 50, 2097152]could not convert string to float: 
Exception was thrown['./linux_buffer.x', 5, 128, 4194304, 50, 50, 2097152]could not convert string to float: 
Exception was thrown['./linux_buffer.x', 5, 160, 4194304, 50, 50, 2097152]could not convert string to float: 
Exception was thrown['./linux_buffer.x', 5, 198, 4194304, 50, 50, 2097152]could not convert string to float: 
Exception was thrown['./linux_buffer.x', 5, 256, 4194304, 50, 50, 2097152]could not convert string to float: 
Estimate Time: 900

get_data: key title not found in requested column
get_data: key title not found in requested column
get_data: key title not found in requested column
get_data: key title not found in requested column
get_data: key title not found in requested column
get_data: key title not found in requested column
get_data: key title not found in requested column
get_data: key title not found in requested column
get_data: key title not found in requested column
get_data: key title not found in requested column
get_data: key title not found in requested column
get_data: key title not found in requested column
get_data: key title not found in requested column

plot file u 2:xticlabels(1),     file u 3:xticlabels(1),     file u 4:xticlabels(1),     file u 5:xticlabels(1),     file u 6:xticlabels(1),     file u 7:xticlabels(1)
                                                                                                                                                                      ^
"../barplot.gp", line 29: warning: Skipping data file with no valid points
Threads	wf_tester.x	coarse_lock_tester.x	tsigas_tester.x	linux_buffer.x	tbb_tester.x
#Exe Time: 5, Capacity: 4194304,  Prefill: 2097152, Enqueue: 50, Dequeue: 50 
Exception was thrown['./linux_buffer.x', 5, 64, 4194304, 50, 50, 2097152]could not convert string to float: 
Exception was thrown['./linux_buffer.x', 5, 96, 4194304, 50, 50, 2097152]could not convert string to float: 
Exception was thrown['./linux_buffer.x', 5, 128, 4194304, 50, 50, 2097152]could not convert string to float: 
Exception was thrown['./linux_buffer.x', 5, 160, 4194304, 50, 50, 2097152]could not convert string to float: 
Exception was thrown['./linux_buffer.x', 5, 198, 4194304, 50, 50, 2097152]could not convert string to float: 
Exception was thrown['./linux_buffer.x', 5, 256, 4194304, 50, 50, 2097152]could not convert string to float: 
Estimate Time: 330

get_data: key title not found in requested column
get_data: key title not found in requested column
get_data: key title not found in requested column
get_data: key title not found in requested column
get_data: key title not found in requested column
get_data: key title not found in requested column
get_data: key title not found in requested column
get_data: key title not found in requested column
get_data: key title not found in requested column
get_data: key title not found in requested column
get_data: key title not found in requested column
get_data: key title not found in requested column

plot file u 2:xticlabels(1),     file u 3:xticlabels(1),     file u 4:xticlabels(1),     file u 5:xticlabels(1),     file u 6:xticlabels(1),     file u 7:xticlabels(1)
                                                                                  ^
"../barplot.gp", line 29: warning: Skipping data file with no valid points
get_data: key title not found in requested column
get_data: key title not found in requested column
get_data: key title not found in requested column
get_data: key title not found in requested column
get_data: key title not found in requested column
get_data: key title not found in requested column
get_data: key title not found in requested column
get_data: key title not found in requested column
get_data: key title not found in requested column
get_data: key title not found in requested column
get_data: key title not found in requested column
get_data: key title not found in requested column

plot file u 2:xticlabels(1),     file u 3:xticlabels(1),     file u 4:xticlabels(1),     file u 5:xticlabels(1),     file u 6:xticlabels(1),     file u 7:xticlabels(1)
                                                                                                              ^
"../barplot.gp", line 29: warning: Skipping data file with no valid points
get_data: key title not found in requested column
get_data: key title not found in requested column
get_data: key title not found in requested column
get_data: key title not found in requested column
get_data: key title not found in requested column
get_data: key title not found in requested column
get_data: key title not found in requested column
get_data: key title not found in requested column
get_data: key title not found in requested column
get_data: key title not found in requested column
get_data: key title not found in requested column
get_data: key title not found in requested column

plot file u 2:xticlabels(1),     file u 3:xticlabels(1),     file u 4:xticlabels(1),     file u 5:xticlabels(1),     file u 6:xticlabels(1),     file u 7:xticlabels(1)
                                                                                                                                          ^
"../barplot.gp", line 29: warning: Skipping data file with no valid points
get_data: key title not found in requested column
get_data: key title not found in requested column
get_data: key title not found in requested column
get_data: key title not found in requested column
get_data: key title not found in requested column
get_data: key title not found in requested column
get_data: key title not found in requested column
get_data: key title not found in requested column
get_data: key title not found in requested column
get_data: key title not found in requested column
get_data: key title not found in requested column
get_data: key title not found in requested column

plot file u 2:xticlabels(1),     file u 3:xticlabels(1),     file u 4:xticlabels(1),     file u 5:xticlabels(1),     file u 6:xticlabels(1),     file u 7:xticlabels(1)
                                                                                                                                                                      ^
"../barplot.gp", line 29: warning: Skipping data file with no valid points
Threads	wf_tester.x	atomics_tester.x
#Exe Time: 5, Capacity: 4194304,  Prefill: 2097152, Enqueue: 50, Dequeue: 50 
